<?xml version="1.0" encoding="UTF-8"?>
<testng-results skipped="0" failed="0" ignored="0" total="1" passed="1">
  <reporter-output>
  </reporter-output>
  <suite name="National Guard Suite" duration-ms="59010" started-at="2020-01-27T21:34:18Z" finished-at="2020-01-27T21:35:17Z">
    <groups>
    </groups>
    <test name="Create Lead Test" duration-ms="59010" started-at="2020-01-27T21:34:18Z" finished-at="2020-01-27T21:35:17Z">
      <class name="com.leadapp.testcases.CreateLeadTest">
        <test-method status="PASS" signature="connect()[pri:0, instance:com.leadapp.testcases.CreateLeadTest@47c62251]" name="connect" is-config="true" duration-ms="315" started-at="2020-01-28T08:34:18Z" finished-at="2020-01-28T08:34:18Z">
          <reporter-output>
          </reporter-output>
        </test-method> <!-- connect -->
        <test-method status="PASS" signature="setupExtentandDatabase()[pri:0, instance:com.leadapp.testcases.CreateLeadTest@47c62251]" name="setupExtentandDatabase" is-config="true" duration-ms="134" started-at="2020-01-28T08:34:18Z" finished-at="2020-01-28T08:34:18Z">
          <reporter-output>
          </reporter-output>
        </test-method> <!-- setupExtentandDatabase -->
        <test-method status="PASS" signature="createLead()[pri:0, instance:com.leadapp.testcases.CreateLeadTest@47c62251]" name="createLead" duration-ms="56295" started-at="2020-01-28T08:34:18Z" finished-at="2020-01-28T08:35:14Z">
          <reporter-output>
          </reporter-output>
        </test-method> <!-- createLead -->
        <test-method status="PASS" signature="tearDownMethod(org.testng.ITestResult)[pri:0, instance:com.leadapp.testcases.CreateLeadTest@47c62251]" name="tearDownMethod" is-config="true" duration-ms="844" started-at="2020-01-28T08:35:14Z" finished-at="2020-01-28T08:35:15Z">
          <params>
            <param index="0">
              <value>
                <![CDATA[[TestResult name=createLead status=SUCCESS method=CreateLeadTest.createLead()[pri:0, instance:com.leadapp.testcases.CreateLeadTest@47c62251] output={null}]]]>
              </value>
            </param>
          </params>
          <reporter-output>
          </reporter-output>
        </test-method> <!-- tearDownMethod -->
        <test-method status="PASS" signature="disConnect()[pri:0, instance:com.leadapp.testcases.CreateLeadTest@47c62251]" name="disConnect" is-config="true" duration-ms="1396" started-at="2020-01-28T08:35:15Z" finished-at="2020-01-28T08:35:17Z">
          <reporter-output>
          </reporter-output>
        </test-method> <!-- disConnect -->
      </class> <!-- com.leadapp.testcases.CreateLeadTest -->
    </test> <!-- Create Lead Test -->
  </suite> <!-- National Guard Suite -->
</testng-results>
